+5.0000 
+0.0000 
+10.0000 
+0.0000 
+15.0000 
+5.0000 
+13.0000 
+0.0000 
+5.0000 
+8.0000 
+13.0000 
+8.0000 
+5.0000 
+6.0000 
+8.4853 
+8.4853 
+8.0000 
+0.0000 
+270.0000 
+13.0000 
+4.0000 
+21.0000 
+0.0000 
+270.0000 
+45.0000 
+5.0000 
+270.0000 
+40.0000 
+25.0000 
+270.0000 
+50.0000 
+5.0000 
+270.0000 
+25.0000 
+30.0000 
+270.0000 
+50.0000 
+30.0000 
+316.7276 
+16.8947 
+25.2788 
+300.0000 
+19.1506 
+16.8301 
+5.0000 
+0.0000 
+5.0000 
+0.0000 
+5.0000 
+0.0000 
+5.0000 
+0.0000 
+5.0000 
+0.0000 
+5.0000 
+0.0000 
+5.0000 
+0.0000 
+5.0000 
+0.0000 
+5.0000 
+0.0000 
+5.0000 
+0.0000 
+5.0000 
+0.0000 
+5.0000 
+0.0000 
+3.5355 
+3.5355 
+5.0000 
+45.0000 
+3.5355 
+3.5355 
+5.0000 
+45.0000 
+0.0000 
+5.0000 
+5.0000 
+90.0000 
+110.0000 
+5.0000 
+112.5000 
+0.0000 
+210.0000 
+5.0000 
+212.5000 
+0.0000 
+180.0000 
+5.0000 
+182.5000 
+40.0000 
+170.0000 
+5.0000 
+172.5000 
+0.0000 
+110.0000 
+5.0000 
+112.5000 
+50.0000 
+170.0000 
+5.0000 
+172.5000 
+50.0000 
+84.8528 
+5.0000 
+86.6206 
+86.6206 
+77.7817 
+5.0000 
+79.5495 
+79.5495 
+130.0000 
+5.0000 
+132.5000 
+0.0000 
+77.7817 
+5.0000 
+79.5495 
+79.5495 
+91.9239 
+5.0000 
+93.6916 
+93.6916 
+270.0000 
+13.0000 
+4.0000 
-84.0000 
+5.0000 
-86.5000 
+0.0000 
+5.0000 
+0.0000 
+5.0000 
+180.0000 
+270.0000 
+1.0000 
+5.0000 
+17.5147 
+8.4853 
+14.1421 
+255.0000 
+5.0000 
+14.1421 
-229.0000 
+5.0000 
+14.1421 
+275.0000 
+5.0000 
+14.1421 
+285.0000 
+25.0000 
+14.1421 
+295.0000 
+5.0000 
+14.1421 
+255.0000 
+45.0000 
+14.1421 
+295.0000 
+45.0000 
+14.4331 
+183.7037 
+191.0629 
+14.1421 
+176.7767 
+183.8478 
+14.7291 
+275.0000 
+5.4071 
+14.1421 
+176.7767 
+183.8478 
+14.7291 
+190.6310 
+198.2778 
+90.0000 
+320.0000 
+0.0000 
+270.0000 
+340.0000 
+0.0000 
+90.0000 
+370.0000 
+0.0000 
+270.0000 
+390.0000 
+0.0000 
+90.0000 
+420.0000 
+0.0000 
+270.0000 
+440.0000 
+0.0000 
+90.0000 
+470.0000 
+0.0000 
+270.0000 
+490.0000 
+0.0000 
+90.0000 
+420.0000 
+50.0000 
+270.0000 
+440.0000 
+50.0000 
+90.0000 
+470.0000 
+50.0000 
+270.0000 
+490.0000 
+50.0000 
+90.0000 
+500.0000 
+0.0000 
+270.0000 
+520.0000 
+0.0000 
+90.0000 
+550.0000 
+0.0000 
+270.0000 
+570.0000 
+0.0000 
+90.0000 
+320.0000 
+80.0000 
+270.0000 
+340.0000 
+80.0000 
+90.0000 
+370.0000 
+80.0000 
+270.0000 
+390.0000 
+80.0000 
+90.0000 
+500.0000 
+80.0000 
+270.0000 
+520.0000 
+80.0000 
+90.0000 
+550.0000 
+80.0000 
+270.0000 
+570.0000 
+80.0000 
+90.1209 
+261.6295 
+261.6295 
+269.8920 
+275.7716 
+275.7716 
+89.9079 
+296.9848 
+296.9848 
+270.0834 
+311.1270 
+311.1270 
+90.0000 
+0.0000 
+320.0000 
+270.0000 
+0.0000 
+340.0000 
+90.0000 
+0.0000 
+370.0000 
+270.0000 
+0.0000 
+390.0000 
+90.1209 
+370.0000 
+0.0000 
+269.8920 
+390.0000 
+0.0000 
+89.9079 
+420.0000 
+0.0000 
+270.0834 
+440.0000 
+0.0000 
+90.0000 
+160.0000 
+277.1281 
+270.0000 
+170.0000 
+294.4486 
+90.0000 
+185.0000 
+320.4294 
+270.0000 
+195.0000 
+337.7499 
+90.1209 
+185.0000 
+320.4294 
+269.8920 
+195.0000 
+337.7499 
+89.9079 
+210.0000 
+363.7307 
+270.0834 
+220.0000 
+381.0512 
+90.0000 
-294.0000 
+0.0000 
+270.0000 
-314.0000 
+0.0000 
+90.0000 
-344.0000 
+0.0000 
+270.0000 
-364.0000 
+0.0000 
+90.0000 
+20.0000 
+610.0000 
+0.0000 
+90.0000 
+20.0000 
+630.0000 
+0.0000 
+90.0000 
+20.0000 
+630.0000 
+20.0000 
+90.0000 
+20.0000 
+640.0000 
+0.0000 
+90.0000 
+20.0000 
+610.0000 
+30.0000 
+90.0000 
+20.0000 
+640.0000 
+30.0000 
+135.0000 
+20.0000 
+438.4062 
+438.4062 
+135.0000 
+20.0000 
+431.3351 
+431.3351 
+90.0000 
+20.0000 
+630.0000 
+0.0000 
+180.0000 
+20.0000 
+0.0000 
+610.0000 
+180.0000 
+20.0000 
+0.0000 
+630.0000 
+270.0000 
+20.0000 
-584.0000 
+0.0000 
+682.5000 
+2.5000 
+717.5000 
-2.5000 
+757.5000 
+2.5000 
+802.5000 
-2.5000 
+842.5000 
+2.5000 
+877.5000 
-2.5000 
+917.5000 
+2.5000 
+962.5000 
-2.5000 
+842.5000 
+62.5000 
+877.5000 
+57.5000 
+917.5000 
+62.5000 
+962.5000 
+57.5000 
+942.5000 
+2.5000 
+977.5000 
-2.5000 
+1017.5000 
+2.5000 
+1062.5000 
-2.5000 
+682.5000 
+102.5000 
+717.5000 
+97.5000 
+757.5000 
+102.5000 
+802.5000 
+97.5000 
+942.5000 
+102.5000 
+977.5000 
+97.5000 
+1017.5000 
+102.5000 
+1062.5000 
+97.5000 
+487.9033 
+491.4388 
+516.1883 
+512.6528 
+540.9364 
+544.4719 
+576.2923 
+572.7568 
-2.5000 
+682.5000 
+2.5000 
+717.5000 
-2.5000 
+757.5000 
+2.5000 
+802.5000 
+702.4990 
+2.5000 
+737.5009 
-2.5000 
+777.4992 
+2.5000 
+822.5008 
-2.5000 
+480.8326 
+484.3681 
+509.1169 
+505.5813 
+533.8656 
+537.4012 
+569.2210 
+565.6854 
+494.9740 
+498.5095 
+523.2597 
+519.7241 
+548.0072 
+551.5427 
+583.3636 
+579.8281 
-656.5000 
+2.5000 
-691.5000 
-2.5000 
-731.5000 
+2.5000 
-776.5000 
-2.5000 
+2500.0000 
+206.3138 
+1200.0000 
+0.0000 
+2500.0000 
+206.3138 
+1300.0000 
+0.0000 
+2500.0000 
+206.3138 
+1300.0000 
+100.0000 
+2500.0000 
+206.3138 
+1400.0000 
+0.0000 
+2500.0000 
+206.3138 
+1200.0000 
+200.0000 
+2500.0000 
+206.3138 
+1400.0000 
+200.0000 
+2520.9982 
+207.2934 
+805.6780 
+905.4965 
+2500.0000 
+206.3138 
+799.0307 
+898.0256 
+2510.4988 
+206.8035 
+1204.9915 
+70.2912 
+2500.0000 
+206.3138 
-70.0000 
+1200.0000 
+2510.4988 
+206.8035 
-70.2912 
+1204.9915 
+2500.0000 
+206.3138 
-1274.0000 
+40.0000 
+1307.0101 
+302.0101 
+1312.0101 
+302.0101 
+1317.0101 
+307.0101 
+1315.0101 
+302.0101 
+1307.0101 
+310.0101 
+1315.0101 
+310.0101 
+1307.0101 
+308.0101 
+1310.4954 
+310.4954 
+1310.0101 
+302.0101 
+270.0000 
+1315.0101 
+306.0101 
+1323.0101 
+302.0101 
+270.0000 
+1347.0101 
+307.0101 
+270.0000 
+1342.0101 
+327.0101 
+270.0000 
+1352.0101 
+307.0101 
+270.0000 
+1327.0101 
+332.0101 
+270.0000 
+1352.0101 
+332.0101 
+316.7276 
+1318.9048 
+327.2889 
+300.0000 
+1321.1607 
+318.8402 
+5.0000 
+0.0000 
+5.0000 
+0.0000 
+5.0000 
+0.0000 
+5.0000 
+0.0000 
+5.0000 
+0.0000 
+5.0000 
+0.0000 
+5.0000 
+0.0000 
+5.0000 
+0.0000 
+5.0000 
+0.0000 
+5.0000 
+0.0000 
+5.0000 
+0.0000 
+5.0000 
+0.0000 
+3.5355 
+3.5355 
+5.0000 
+45.0000 
+3.5355 
+3.5355 
+5.0000 
+45.0000 
+0.0000 
+5.0000 
+5.0000 
+90.0000 
+1412.0101 
+5.0000 
+1414.5101 
+302.0101 
+1512.0101 
+5.0000 
+1514.5101 
+302.0101 
+1482.0101 
+5.0000 
+1484.5101 
+342.0101 
+1472.0101 
+5.0000 
+1474.5101 
+302.0101 
+1412.0101 
+5.0000 
+1414.5101 
+352.0101 
+1472.0101 
+5.0000 
+1474.5101 
+352.0101 
+1386.8629 
+5.0000 
+1388.6307 
+388.6307 
+1379.7918 
+5.0000 
+1381.5596 
+381.5596 
+1432.0101 
+5.0000 
+1434.5101 
+302.0101 
+1379.7918 
+5.0000 
+1381.5596 
+381.5596 
+1393.9340 
+5.0000 
+1395.7017 
+395.7017 
+270.0000 
+1315.0101 
+306.0101 
+1218.0101 
+5.0000 
+1215.5101 
+302.0101 
+5.0000 
+0.0000 
+5.0000 
+180.0000 
+270.0000 
+1303.0101 
+307.0101 
+1319.5248 
+310.4954 
+14.1421 
+1557.0101 
+307.0101 
+14.1421 
+1073.0101 
+307.0101 
+14.1421 
+1577.0101 
+307.0101 
+14.1421 
+1587.0101 
+327.0101 
+14.1421 
+1597.0101 
+307.0101 
+14.1421 
+1557.0101 
+347.0101 
+14.1421 
+1597.0101 
+347.0101 
+14.4331 
+1485.7138 
+493.0730 
+14.1421 
+1478.7868 
+485.8579 
+14.7291 
+1577.0101 
+307.4172 
+14.1421 
+1478.7868 
+485.8579 
+14.7291 
+1492.6411 
+500.2879 
+90.0000 
+1622.0101 
+302.0101 
+270.0000 
+1642.0101 
+302.0101 
+90.0000 
+1672.0101 
+302.0101 
+270.0000 
+1692.0101 
+302.0101 
+90.0000 
+1722.0101 
+302.0101 
+270.0000 
+1742.0101 
+302.0101 
+90.0000 
+1772.0101 
+302.0101 
+270.0000 
+1792.0101 
+302.0101 
+90.0000 
+1722.0101 
+352.0101 
+270.0000 
+1742.0101 
+352.0101 
+90.0000 
+1772.0101 
+352.0101 
+270.0000 
+1792.0101 
+352.0101 
+90.0000 
+1802.0101 
+302.0101 
+270.0000 
+1822.0101 
+302.0101 
+90.0000 
+1852.0101 
+302.0101 
+270.0000 
+1872.0101 
+302.0101 
+90.0000 
+1622.0101 
+382.0101 
+270.0000 
+1642.0101 
+382.0101 
+90.0000 
+1672.0101 
+382.0101 
+270.0000 
+1692.0101 
+382.0101 
+90.0000 
+1802.0101 
+382.0101 
+270.0000 
+1822.0101 
+382.0101 
+90.0000 
+1852.0101 
+382.0101 
+270.0000 
+1872.0101 
+382.0101 
+90.1209 
+1563.6396 
+563.6396 
+269.8920 
+1577.7817 
+577.7817 
+89.9079 
+1598.9949 
+598.9949 
+270.0834 
+1613.1371 
+613.1371 
+90.0000 
+1302.0101 
+622.0101 
+270.0000 
+1302.0101 
+642.0101 
+90.0000 
+1302.0101 
+672.0101 
+270.0000 
+1302.0101 
+692.0101 
+90.1209 
+1672.0101 
+302.0101 
+269.8920 
+1692.0101 
+302.0101 
+89.9079 
+1722.0101 
+302.0101 
+270.0834 
+1742.0101 
+302.0101 
+90.0000 
+1462.0101 
+579.1382 
+270.0000 
+1472.0101 
+596.4587 
+90.0000 
+1487.0101 
+622.4395 
+270.0000 
+1497.0101 
+639.7600 
+90.1209 
+1487.0101 
+622.4395 
+269.8920 
+1497.0101 
+639.7600 
+89.9079 
+1512.0101 
+665.7408 
+270.0834 
+1522.0101 
+683.0613 
+90.0000 
+1008.0101 
+302.0101 
+270.0000 
+988.0101 
+302.0101 
+90.0000 
+958.0101 
+302.0101 
+270.0000 
+938.0101 
+302.0101 
+90.0000 
+20.0000 
+1912.0101 
+302.0101 
+90.0000 
+20.0000 
+1932.0101 
+302.0101 
+90.0000 
+20.0000 
+1932.0101 
+322.0101 
+90.0000 
+20.0000 
+1942.0101 
+302.0101 
+90.0000 
+20.0000 
+1912.0101 
+332.0101 
+90.0000 
+20.0000 
+1942.0101 
+332.0101 
+135.0000 
+20.0000 
+1740.4163 
+740.4163 
+135.0000 
+20.0000 
+1733.3452 
+733.3452 
+90.0000 
+20.0000 
+1932.0101 
+302.0101 
+180.0000 
+20.0000 
+1302.0101 
+912.0101 
+180.0000 
+20.0000 
+1302.0101 
+932.0101 
+270.0000 
+20.0000 
+718.0101 
+302.0101 
+1984.5101 
+304.5101 
+2019.5101 
+299.5101 
+2059.5101 
+304.5101 
+2104.5101 
+299.5101 
+2144.5101 
+304.5101 
+2179.5101 
+299.5101 
+2219.5101 
+304.5101 
+2264.5101 
+299.5101 
+2144.5101 
+364.5101 
+2179.5101 
+359.5101 
+2219.5101 
+364.5101 
+2264.5101 
+359.5101 
+2244.5101 
+304.5101 
+2279.5101 
+299.5101 
+2319.5101 
+304.5101 
+2364.5101 
+299.5101 
+1984.5101 
+404.5101 
+2019.5101 
+399.5101 
+2059.5101 
+404.5101 
+2104.5101 
+399.5101 
+2244.5101 
+404.5101 
+2279.5101 
+399.5101 
+2319.5101 
+404.5101 
+2364.5101 
+399.5101 
+1789.9134 
+793.4489 
+1818.1984 
+814.6629 
+1842.9465 
+846.4820 
+1878.3024 
+874.7669 
+1299.5101 
+984.5101 
+1304.5101 
+1019.5101 
+1299.5101 
+1059.5101 
+1304.5101 
+1104.5101 
+2004.5091 
+304.5101 
+2039.5110 
+299.5101 
+2079.5093 
+304.5101 
+2124.5109 
+299.5101 
+1782.8427 
+786.3782 
+1811.1270 
+807.5914 
+1835.8757 
+839.4113 
+1871.2311 
+867.6955 
+1796.9841 
+800.5196 
+1825.2698 
+821.7342 
+1850.0173 
+853.5528 
+1885.3737 
+881.8382 
+645.5101 
+304.5101 
+610.5101 
+299.5101 
+570.5101 
+304.5101 
+525.5101 
+299.5101 
+2500.0000 
+206.3138 
+2502.0101 
+302.0101 
+2500.0000 
+206.3138 
+2602.0101 
+302.0101 
+2500.0000 
+206.3138 
+2602.0101 
+402.0101 
+2500.0000 
+206.3138 
+2702.0101 
+302.0101 
+2500.0000 
+206.3138 
+2502.0101 
+502.0101 
+2500.0000 
+206.3138 
+2702.0101 
+502.0101 
+2520.9982 
+207.2934 
+2107.6881 
+1207.5066 
+2500.0000 
+206.3138 
+2101.0408 
+1200.0357 
+2510.4988 
+206.8035 
+2507.0016 
+372.3013 
+2500.0000 
+206.3138 
+1232.0101 
+1502.0101 
+2510.4988 
+206.8035 
+1231.7189 
+1507.0016 
+2500.0000 
+206.3138 
+28.0101 
+342.0101 
+1738.0565 
+1224.5230 
+1741.8528 
+1221.2691 
+1748.9030 
+1221.8114 
+1744.1305 
+1219.3167 
+1743.2628 
+1230.5971 
+1749.3369 
+1225.3907 
+1741.9612 
+1229.0786 
+1746.2248 
+1228.6973 
+1740.3342 
+1222.5706 
+229.3987 
+1746.7337 
+1222.3537 
+1750.2046 
+1214.1104 
+229.3987 
+1771.6807 
+1202.2877 
+229.3987 
+1780.9002 
+1220.7267 
+229.3987 
+1775.4770 
+1199.0337 
+229.3987 
+1772.7653 
+1234.2849 
+229.3987 
+1791.7468 
+1218.0151 
+276.1263 
+1763.5388 
+1235.9752 
+259.3987 
+1759.7533 
+1228.0923 
+3.7963 
+3.2540 
+5.0000 
+319.3987 
+3.7963 
+3.2540 
+5.0000 
+319.3987 
+3.7963 
+3.2540 
+5.0000 
+319.3987 
+3.7963 
+3.2540 
+5.0000 
+319.3987 
+3.7963 
+3.2540 
+5.0000 
+319.3987 
+3.7963 
+3.2540 
+5.0000 
+319.3987 
+4.9853 
+0.3835 
+5.0000 
+4.3987 
+4.9853 
+0.3835 
+5.0000 
+4.3987 
+3.2540 
+3.7963 
+5.0000 
+49.3987 
+1817.7784 
+5.0000 
+1819.6766 
+1154.5630 
+1893.7041 
+5.0000 
+1895.6022 
+1089.4838 
+1896.9580 
+5.0000 
+1898.8562 
+1139.3778 
+1863.3338 
+5.0000 
+1865.2320 
+1115.5155 
+1850.3180 
+5.0000 
+1852.2161 
+1192.5258 
+1895.8734 
+5.0000 
+1897.7715 
+1153.4783 
+1853.9067 
+5.0000 
+1856.3994 
+1237.1723 
+1843.9362 
+5.0000 
+1846.4288 
+1236.4053 
+1832.9635 
+5.0000 
+1834.8617 
+1141.5471 
+1843.9362 
+5.0000 
+1846.4288 
+1236.4053 
+1863.8773 
+5.0000 
+1866.3699 
+1237.9393 
+229.3987 
+1746.7337 
+1222.3537 
+1670.4826 
+5.0000 
+1668.5845 
+1284.0704 
+3.7963 
+3.2540 
+5.0000 
+139.3987 
+229.3987 
+1738.2734 
+1230.9225 
+1753.0805 
+1222.8211 
+14.1421 
+1931.1246 
+1065.6215 
+14.1421 
+1563.6444 
+1380.6045 
+14.1421 
+1946.3097 
+1052.6056 
+14.1421 
+1966.9181 
+1061.2829 
+14.1421 
+1961.4948 
+1039.5898 
+14.1421 
+1957.1562 
+1095.9917 
+14.1421 
+1987.5265 
+1069.9601 
+14.4331 
+1998.0805 
+1253.2899 
+14.1421 
+1988.1256 
+1252.3199 
+14.7291 
+1946.5746 
+1052.9147 
+14.1421 
+1988.1256 
+1252.3199 
+14.7291 
+2008.0355 
+1254.2597 
+90.0000 
+1977.2223 
+1019.5237 
+270.0000 
+1992.4074 
+1006.5079 
+90.0000 
+2015.1851 
+986.9842 
+270.0000 
+2030.3703 
+973.9683 
+90.0000 
+2053.1480 
+954.4446 
+270.0000 
+2068.3331 
+941.4288 
+90.0000 
+2091.1108 
+921.9050 
+270.0000 
+2106.2959 
+908.8892 
+90.0000 
+2085.6875 
+992.4074 
+270.0000 
+2100.8727 
+979.3916 
+90.0000 
+2123.6504 
+959.8679 
+270.0000 
+2138.8355 
+946.8520 
+90.0000 
+2113.8885 
+902.3813 
+270.0000 
+2129.0736 
+889.3655 
+90.0000 
+2151.8513 
+869.8417 
+270.0000 
+2167.0365 
+856.8259 
+90.0000 
+2029.2856 
+1080.2643 
+270.0000 
+2044.4707 
+1067.2484 
+90.0000 
+2067.2484 
+1047.7247 
+270.0000 
+2082.4336 
+1034.7089 
+90.0000 
+2165.9518 
+963.1218 
+270.0000 
+2181.1369 
+950.1060 
+90.0000 
+2203.9146 
+930.5823 
+270.0000 
+2219.0998 
+917.5664 
+90.1209 
+2103.1703 
+1256.1547 
+269.8920 
+2123.1114 
+1257.6886 
+89.9079 
+2153.0231 
+1259.9895 
+270.0834 
+2172.9642 
+1261.5234 
+90.0000 
+1942.5134 
+1470.7391 
+270.0000 
+1955.5293 
+1485.9242 
+90.0000 
+1975.0530 
+1508.7019 
+270.0000 
+1988.0688 
+1523.8871 
+90.1209 
+2015.1851 
+986.9842 
+269.8920 
+2030.3703 
+973.9683 
+89.9079 
+2053.1480 
+954.4446 
+270.0834 
+2068.3331 
+941.4288 
+90.0000 
+2036.0938 
+1334.0617 
+270.0000 
+2054.9584 
+1340.7045 
+90.0000 
+2083.2553 
+1350.6687 
+270.0000 
+2102.1200 
+1357.3115 
+90.1209 
+2083.2553 
+1350.6687 
+269.8920 
+2102.1200 
+1357.3115 
+89.9079 
+2130.4169 
+1367.2757 
+270.0834 
+2149.2815 
+1373.9185 
+90.0000 
+1511.0387 
+1419.1096 
+270.0000 
+1495.8536 
+1432.1255 
+90.0000 
+1473.0759 
+1451.6492 
+270.0000 
+1457.8908 
+1464.6650 
+49.3987 
+20.0000 
+2197.4067 
+830.7942 
+49.3987 
+20.0000 
+2212.5918 
+817.7784 
+49.3987 
+20.0000 
+2225.6077 
+832.9635 
+49.3987 
+20.0000 
+2220.1844 
+811.2705 
+49.3987 
+20.0000 
+2216.9305 
+853.5719 
+49.3987 
+20.0000 
+2239.7082 
+834.0482 
+94.3987 
+20.0000 
+2352.4340 
+1275.3288 
+94.3987 
+20.0000 
+2342.4634 
+1274.5618 
+49.3987 
+20.0000 
+2212.5918 
+817.7784 
+139.3987 
+20.0000 
+2131.2429 
+1690.9235 
+139.3987 
+20.0000 
+2144.2588 
+1706.1086 
+229.3987 
+20.0000 
+1290.8543 
+1607.8391 
+2254.0798 
+785.5100 
+2277.3998 
+758.9360 
+2311.0240 
+736.7007 
+2341.9366 
+703.6188 
+2375.5609 
+681.3834 
+2398.8809 
+654.8094 
+2432.5051 
+632.5740 
+2463.4177 
+599.4921 
+2414.6083 
+726.9388 
+2437.9284 
+700.3648 
+2471.5526 
+678.1294 
+2502.4652 
+645.0475 
+2451.4865 
+616.3043 
+2474.8065 
+589.7303 
+2508.4308 
+567.4949 
+2539.3434 
+534.4130 
+2319.1589 
+861.4357 
+2342.4790 
+834.8617 
+2376.1032 
+812.6263 
+2407.0158 
+779.5444 
+2516.5657 
+692.2299 
+2539.8857 
+665.6559 
+2573.5099 
+643.4206 
+2604.4225 
+610.3387 
+2424.5281 
+1283.3819 
+2459.8095 
+1281.0811 
+2499.3073 
+1289.1341 
+2544.5591 
+1287.6003 
+2176.5272 
+1747.5966 
+2203.1011 
+1770.9166 
+2225.3365 
+1804.5408 
+2258.4184 
+1835.4534 
+2269.2641 
+772.4949 
+2292.5857 
+745.9196 
+2326.2085 
+723.6854 
+2357.1223 
+690.6024 
+2414.5581 
+1282.6150 
+2449.8385 
+1280.3141 
+2489.3372 
+1288.3672 
+2534.5882 
+1286.8333 
+2434.4982 
+1284.1488 
+2469.7805 
+1281.8481 
+2509.2775 
+1289.9011 
+2554.5300 
+1288.3673 
+1237.4352 
+1656.9197 
+1207.6073 
+1675.9011 
+1180.4910 
+1705.7290 
+1143.0705 
+1731.2183 
+2500.0000 
+206.3138 
+2645.3681 
+446.8273 
+2500.0000 
+206.3138 
+2721.2938 
+381.7482 
+2500.0000 
+206.3138 
+2786.3729 
+457.6739 
+2500.0000 
+206.3138 
+2797.2194 
+316.6691 
+2500.0000 
+206.3138 
+2775.5264 
+598.6787 
+2500.0000 
+206.3138 
+2927.3777 
+468.5204 
+2520.9982 
+207.2934 
+2935.2658 
+1390.9529 
+2500.0000 
+206.3138 
+2925.3568 
+1389.6066 
+2510.4988 
+206.8035 
+2649.1644 
+443.5734 
+2500.0000 
+206.3138 
+2462.0619 
+2184.4403 
+2510.4988 
+206.8035 
+2465.0892 
+2188.4196 
+2500.0000 
+206.3138 
+792.9989 
+2087.2555 
